<?xml version="1.0" encoding="UTF-8"?>
<!-- Generated by org.testng.reporters.JUnitReportReporter -->
<testsuite hostname="DESKTOP-0MDKGSP" failures="0" tests="1" name="test.AddContact" time="11.647" errors="0" timestamp="2022-08-14T14:32:44 CDT" skipped="0">
  <testcase classname="test.AddContact" name="validCustomerShouldBeAbleToAddCustomer" time="11.647"/>
  <system-out/>
</testsuite> <!-- test.AddContact -->
