<?xml version="1.0" encoding="UTF-8"?>
<!-- Generated by org.testng.reporters.JUnitReportReporter -->
<testsuite hostname="DESKTOP-0MDKGSP" failures="0" tests="1" name="test.LoginTest" time="5.693" errors="0" timestamp="2021-11-23T21:55:20 CST" skipped="0">
  <testcase classname="test.LoginTest" name="verifieUserShouldBeAbleToLogin" time="5.693"/>
  <system-out/>
</testsuite> <!-- test.LoginTest -->
